<?xml version="1.0" encoding="UTF-8"?>
<!-- Generated by org.testng.reporters.JUnitXMLReporter -->
<testsuite ignored="1" hostname="M_Dell_2024" failures="0" tests="1" name="Test" time="35.231" errors="0" timestamp="2025-05-21T08:43:44 EDT">
  <testcase classname="inventoryTests.AddProductToCartTest" name="tc_01_AddProductToCartTest" time="2.911"/>
  <testcase classname="inventoryTests.AddProductToCartTest" name="sampleTest" time="0.0">
    <ignored/>
  </testcase> <!-- sampleTest -->
</testsuite> <!-- Test -->
