<?xml version="1.0" encoding="UTF-8"?>
<!-- Generated by org.testng.reporters.JUnitXMLReporter -->
<testsuite ignored="1" hostname="TYSS-Chaithra" failures="1" tests="1" name="Test(failed)" time="8.284" errors="0" timestamp="2025-05-07T16:23:02 IST">
  <testcase classname="inventoryTests.AddProductToCartTest" name="sampleTest" time="0.014">
    <failure type="java.lang.AssertionError" message="null">
      <![CDATA[java.lang.AssertionError: null
at inventoryTests.AddProductToCartTest.sampleTest(AddProductToCartTest.java:57)
at java.base/java.util.ArrayList.forEach(ArrayList.java:1541)
... Removed 29 stack frames]]>
    </failure>
  </testcase> <!-- sampleTest -->
  <testcase classname="inventoryTests.AddProductToCartTest" name="tc_01_AddProductToCartTest" time="0.0">
    <ignored/>
  </testcase> <!-- tc_01_AddProductToCartTest -->
</testsuite> <!-- Test(failed) -->
