<?xml version="1.0" encoding="UTF-8"?>
<testng-results ignored="1" total="2" passed="1" failed="0" skipped="0">
  <reporter-output>
  </reporter-output>
  <suite started-at="2025-05-21T08:43:08 EDT" name="Suite" finished-at="2025-05-21T08:43:43 EDT" duration-ms="35231">
    <groups>
      <group name="SmokeSuite">
        <method signature="AddProductToCartTest.tc_01_AddProductToCartTest()[pri:0, instance:inventoryTests.AddProductToCartTest@55183b20]" name="tc_01_AddProductToCartTest" class="inventoryTests.AddProductToCartTest"/>
      </group> <!-- SmokeSuite -->
    </groups>
    <test started-at="2025-05-21T08:43:08 EDT" name="Test" finished-at="2025-05-21T08:43:43 EDT" duration-ms="35231">
      <class name="inventoryTests.AddProductToCartTest">
        <test-method is-config="true" signature="bsConfig()[pri:0, instance:inventoryTests.AddProductToCartTest@55183b20]" started-at="2025-05-21T08:43:08 EDT" name="bsConfig" finished-at="2025-05-21T08:43:08 EDT" duration-ms="22" status="PASS">
          <reporter-output>
          </reporter-output>
        </test-method> <!-- bsConfig -->
        <test-method is-config="true" signature="bcConfig()[pri:0, instance:inventoryTests.AddProductToCartTest@55183b20]" started-at="2025-05-21T08:43:09 EDT" name="bcConfig" finished-at="2025-05-21T08:43:37 EDT" duration-ms="28654" status="PASS">
          <reporter-output>
          </reporter-output>
        </test-method> <!-- bcConfig -->
        <test-method is-config="true" signature="bmConfig()[pri:0, instance:inventoryTests.AddProductToCartTest@55183b20]" started-at="2025-05-21T08:43:37 EDT" name="bmConfig" finished-at="2025-05-21T08:43:38 EDT" duration-ms="1169" status="PASS">
          <reporter-output>
          </reporter-output>
        </test-method> <!-- bmConfig -->
        <test-method signature="tc_01_AddProductToCartTest()[pri:0, instance:inventoryTests.AddProductToCartTest@55183b20]" started-at="2025-05-21T08:43:38 EDT" name="tc_01_AddProductToCartTest" finished-at="2025-05-21T08:43:41 EDT" duration-ms="2911" status="PASS">
          <reporter-output>
          </reporter-output>
        </test-method> <!-- tc_01_AddProductToCartTest -->
        <test-method is-config="true" signature="amConfig()[pri:0, instance:inventoryTests.AddProductToCartTest@55183b20]" started-at="2025-05-21T08:43:41 EDT" name="amConfig" finished-at="2025-05-21T08:43:42 EDT" duration-ms="538" status="PASS">
          <reporter-output>
          </reporter-output>
        </test-method> <!-- amConfig -->
        <test-method is-config="true" signature="acConfig()[pri:0, instance:inventoryTests.AddProductToCartTest@55183b20]" started-at="2025-05-21T08:43:42 EDT" name="acConfig" finished-at="2025-05-21T08:43:43 EDT" duration-ms="1249" status="PASS">
          <reporter-output>
          </reporter-output>
        </test-method> <!-- acConfig -->
        <test-method is-config="true" signature="asConfig()[pri:0, instance:inventoryTests.AddProductToCartTest@55183b20]" started-at="2025-05-21T08:43:44 EDT" name="asConfig" finished-at="2025-05-21T08:43:44 EDT" duration-ms="2" status="PASS">
          <reporter-output>
          </reporter-output>
        </test-method> <!-- asConfig -->
      </class> <!-- inventoryTests.AddProductToCartTest -->
    </test> <!-- Test -->
  </suite> <!-- Suite -->
</testng-results>
